Assembler report for DE4_Ethernet
Thu Jan 12 20:48:13 2012
Quartus II Version 11.0 Build 157 04/27/2011 SJ Full Version


---------------------
; Table of Contents ;
---------------------
  1. Legal Notice
  2. Assembler Summary
  3. Assembler Settings
  4. Assembler Encrypted IP Cores Summary
  5. Assembler Generated Files
  6. Assembler Device Options: C:/Hari/Study/Masters_thesis/needtosee/altera_netfpga_08_08_11/Danai_proj/Multimonitors/fourcore_final/board/DE4_Ethernet_2_statemachine_4core_new_cm_Detect/DE4_Ethernet_time_limited.sof
  7. Assembler Messages



----------------
; Legal Notice ;
----------------
Copyright (C) 1991-2011 Altera Corporation
Your use of Altera Corporation's design tools, logic functions 
and other software and tools, and its AMPP partner logic 
functions, and any output files from any of the foregoing 
(including device programming or simulation files), and any 
associated documentation or information are expressly subject 
to the terms and conditions of the Altera Program License 
Subscription Agreement, Altera MegaCore Function License 
Agreement, or other applicable license agreement, including, 
without limitation, that your use is for the sole purpose of 
programming logic devices manufactured by Altera and sold by 
Altera or its authorized distributors.  Please refer to the 
applicable agreement for further details.



+---------------------------------------------------------------+
; Assembler Summary                                             ;
+-----------------------+---------------------------------------+
; Assembler Status      ; Successful - Thu Jan 12 20:48:13 2012 ;
; Revision Name         ; DE4_Ethernet                          ;
; Top-level Entity Name ; DE4_Ethernet                          ;
; Family                ; Stratix IV                            ;
; Device                ; EP4SGX230KF40C2                       ;
+-----------------------+---------------------------------------+


+--------------------------------------------------------------------------------------------------------+
; Assembler Settings                                                                                     ;
+-----------------------------------------------------------------------------+----------+---------------+
; Option                                                                      ; Setting  ; Default Value ;
+-----------------------------------------------------------------------------+----------+---------------+
; Use smart compilation                                                       ; Off      ; Off           ;
; Enable parallel Assembler and TimeQuest Timing Analyzer during compilation  ; On       ; On            ;
; Enable compact report table                                                 ; Off      ; Off           ;
; Generate compressed bitstreams                                              ; On       ; On            ;
; Compression mode                                                            ; Off      ; Off           ;
; Clock source for configuration device                                       ; Internal ; Internal      ;
; Clock frequency of the configuration device                                 ; 10 MHZ   ; 10 MHz        ;
; Divide clock frequency by                                                   ; 1        ; 1             ;
; Auto user code                                                              ; Off      ; Off           ;
; Use configuration device                                                    ; Off      ; Off           ;
; Configuration device                                                        ; Auto     ; Auto          ;
; Configuration device auto user code                                         ; Off      ; Off           ;
; Generate Tabular Text File (.ttf) For Target Device                         ; Off      ; Off           ;
; Generate Raw Binary File (.rbf) For Target Device                           ; Off      ; Off           ;
; Generate Hexadecimal (Intel-Format) Output File (.hexout) for Target Device ; Off      ; Off           ;
; Hexadecimal Output File start address                                       ; 0        ; 0             ;
; Hexadecimal Output File count direction                                     ; Up       ; Up            ;
; Release clears before tri-states                                            ; Off      ; Off           ;
; Auto-restart configuration after error                                      ; On       ; On            ;
; Use Checkered Pattern as Uninitialized RAM Content                          ; Off      ; Off           ;
; Generate Serial Vector Format File (.svf) for Target Device                 ; Off      ; Off           ;
; Generate a JEDEC STAPL Format File (.jam) for Target Device                 ; Off      ; Off           ;
; Generate a compressed Jam STAPL Byte Code 2.0 File (.jbc) for Target Device ; Off      ; Off           ;
; Generate a compressed Jam STAPL Byte Code 2.0 File (.jbc) for Target Device ; On       ; On            ;
+-----------------------------------------------------------------------------+----------+---------------+


+--------------------------------------------------------------+
; Assembler Encrypted IP Cores Summary                         ;
+--------+-------------------------------------+---------------+
; Vendor ; IP Core Name                        ; License Type  ;
+--------+-------------------------------------+---------------+
; Altera ; "Triple Speed Ethernet" (6AF7 00BD) ; OpenCore Plus ;
; Altera ; Signal Tap (6AF7 BCE1)              ; Licensed      ;
; Altera ; Signal Tap (6AF7 BCEC)              ; Licensed      ;
; Altera ; PCI_Express_Compiler (6AF7 FFFF)    ; Licensed      ;
+--------+-------------------------------------+---------------+


+--------------------------------------------------------------------------------------------------------------------------------------------------------------------------------------------+
; Assembler Generated Files                                                                                                                                                                  ;
+--------------------------------------------------------------------------------------------------------------------------------------------------------------------------------------------+
; File Name                                                                                                                                                                                  ;
+--------------------------------------------------------------------------------------------------------------------------------------------------------------------------------------------+
; C:/Hari/Study/Masters_thesis/needtosee/altera_netfpga_08_08_11/Danai_proj/Multimonitors/fourcore_final/board/DE4_Ethernet_2_statemachine_4core_new_cm_Detect/DE4_Ethernet_time_limited.sof ;
+--------------------------------------------------------------------------------------------------------------------------------------------------------------------------------------------+


+----------------------------------------------------------------------------------------------------------------------------------------------------------------------------------------------------------------------+
; Assembler Device Options: C:/Hari/Study/Masters_thesis/needtosee/altera_netfpga_08_08_11/Danai_proj/Multimonitors/fourcore_final/board/DE4_Ethernet_2_statemachine_4core_new_cm_Detect/DE4_Ethernet_time_limited.sof ;
+----------------+-----------------------------------------------------------------------------------------------------------------------------------------------------------------------------------------------------+
; Option         ; Setting                                                                                                                                                                                             ;
+----------------+-----------------------------------------------------------------------------------------------------------------------------------------------------------------------------------------------------+
; Device         ; EP4SGX230KF40C2                                                                                                                                                                                     ;
; JTAG usercode  ; 0xFFFFFFFF                                                                                                                                                                                          ;
; Checksum       ; 0x0AD6D1C5                                                                                                                                                                                          ;
+----------------+-----------------------------------------------------------------------------------------------------------------------------------------------------------------------------------------------------+


+--------------------+
; Assembler Messages ;
+--------------------+
Info: *******************************************************************
Info: Running Quartus II Assembler
    Info: Version 11.0 Build 157 04/27/2011 SJ Full Version
    Info: Processing started: Thu Jan 12 20:46:45 2012
Info: Command: quartus_asm --read_settings_files=off --write_settings_files=off DE4_Ethernet -c DE4_Ethernet
Info: Writing out detailed assembly data for power analysis
Info: Assembler is generating device programming files
Info: Design contains a time-limited core -- only a single, time-limited programming file can be generated
Warning: Can't convert time-limited SOF into POF, HEX File, TTF, or RBF
Info: Quartus II Assembler was successful. 0 errors, 1 warning
    Info: Peak virtual memory: 927 megabytes
    Info: Processing ended: Thu Jan 12 20:48:15 2012
    Info: Elapsed time: 00:01:30
    Info: Total CPU time (on all processors): 00:01:15


