Flow report for DE4_Ethernet
Sun Feb 17 17:46:03 2013
Quartus II 32-bit Version 11.1 Build 173 11/01/2011 SJ Full Version


---------------------
; Table of Contents ;
---------------------
  1. Legal Notice
  2. Flow Summary
  3. Flow Settings
  4. Flow Non-Default Global Settings
  5. Flow Elapsed Time
  6. Flow OS Summary
  7. Flow Log



----------------
; Legal Notice ;
----------------
Copyright (C) 1991-2011 Altera Corporation
Your use of Altera Corporation's design tools, logic functions 
and other software and tools, and its AMPP partner logic 
functions, and any output files from any of the foregoing 
(including device programming or simulation files), and any 
associated documentation or information are expressly subject 
to the terms and conditions of the Altera Program License 
Subscription Agreement, Altera MegaCore Function License 
Agreement, or other applicable license agreement, including, 
without limitation, that your use is for the sole purpose of 
programming logic devices manufactured by Altera and sold by 
Altera or its authorized distributors.  Please refer to the 
applicable agreement for further details.



+-------------------------------------------------------------------------------+
; Flow Summary                                                                  ;
+-----------------------------------+-------------------------------------------+
; Flow Status                       ; Successful - Sun Feb 17 17:46:01 2013     ;
; Quartus II 32-bit Version         ; 11.1 Build 173 11/01/2011 SJ Full Version ;
; Revision Name                     ; DE4_Ethernet                              ;
; Top-level Entity Name             ; DE4_Ethernet                              ;
; Family                            ; Stratix IV                                ;
; Device                            ; EP4SGX230KF40C2                           ;
; Timing Models                     ; Final                                     ;
; Logic utilization                 ; N/A                                       ;
;     Combinational ALUTs           ; 382                                       ;
;     Memory ALUTs                  ; 0                                         ;
;     Dedicated logic registers     ; 560                                       ;
; Total registers                   ; 560                                       ;
; Total pins                        ; 116                                       ;
; Total virtual pins                ; 0                                         ;
; Total block memory bits           ; 114,688                                   ;
; DSP block 18-bit elements         ; 0                                         ;
; Total GXB Receiver Channel PCS    ; 0                                         ;
; Total GXB Receiver Channel PMA    ; 0                                         ;
; Total GXB Transmitter Channel PCS ; 0                                         ;
; Total GXB Transmitter Channel PMA ; 0                                         ;
; Total PLLs                        ; 1                                         ;
; Total DLLs                        ; 0                                         ;
+-----------------------------------+-------------------------------------------+


+-----------------------------------------+
; Flow Settings                           ;
+-------------------+---------------------+
; Option            ; Setting             ;
+-------------------+---------------------+
; Start date & time ; 02/17/2013 17:44:09 ;
; Main task         ; Compilation         ;
; Revision Name     ; DE4_Ethernet        ;
+-------------------+---------------------+


+---------------------------------------------------------------------------------------------------------------------------------------------------------------------------------------------------------------------------------------------------------------+
; Flow Non-Default Global Settings                                                                                                                                                                                                                              ;
+--------------------------------------+-------------------------------------------------------------------------------------------------------------------------------------------------------------+---------------+-------------+----------------------------+
; Assignment Name                      ; Value                                                                                                                                                       ; Default Value ; Entity Name ; Section Id                 ;
+--------------------------------------+-------------------------------------------------------------------------------------------------------------------------------------------------------------+---------------+-------------+----------------------------+
; COMPILER_SIGNATURE_ID                ; 89407319010.136114104801152                                                                                                                                 ; --            ; --          ; --                         ;
; EDA_DESIGN_INSTANCE_NAME             ; NA                                                                                                                                                          ; --            ; --          ; ethernet_port_interface_tb ;
; EDA_NATIVELINK_SIMULATION_TEST_BENCH ; ethernet_port_interface_tb                                                                                                                                  ; --            ; --          ; eda_simulation             ;
; EDA_OUTPUT_DATA_FORMAT               ; Verilog Hdl                                                                                                                                                 ; --            ; --          ; eda_simulation             ;
; EDA_SIMULATION_TOOL                  ; ModelSim-Altera (Verilog)                                                                                                                                   ; <None>        ; --          ; --                         ;
; EDA_TEST_BENCH_ENABLE_STATUS         ; TEST_BENCH_MODE                                                                                                                                             ; --            ; --          ; eda_simulation             ;
; EDA_TEST_BENCH_FILE                  ; ethernet_port_interface_tb.v                                                                                                                                ; --            ; --          ; ethernet_port_interface_tb ;
; EDA_TEST_BENCH_MODULE_NAME           ; ethernet_port_interface_tb                                                                                                                                  ; --            ; --          ; ethernet_port_interface_tb ;
; EDA_TEST_BENCH_NAME                  ; ethernet_port_interface_tb                                                                                                                                  ; --            ; --          ; eda_simulation             ;
; EDA_TIME_SCALE                       ; 1 ps                                                                                                                                                        ; --            ; --          ; eda_simulation             ;
; ENABLE_SIGNALTAP                     ; On                                                                                                                                                          ; --            ; --          ; --                         ;
; IP_TOOL_NAME                         ; FIFO                                                                                                                                                        ; --            ; --          ; --                         ;
; IP_TOOL_NAME                         ; FIFO                                                                                                                                                        ; --            ; --          ; --                         ;
; IP_TOOL_NAME                         ; FIFO                                                                                                                                                        ; --            ; --          ; --                         ;
; IP_TOOL_NAME                         ; FIFO                                                                                                                                                        ; --            ; --          ; --                         ;
; IP_TOOL_NAME                         ; FIFO                                                                                                                                                        ; --            ; --          ; --                         ;
; IP_TOOL_NAME                         ; FIFO                                                                                                                                                        ; --            ; --          ; --                         ;
; IP_TOOL_NAME                         ; RAM: 2-PORT                                                                                                                                                 ; --            ; --          ; --                         ;
; IP_TOOL_NAME                         ; FIFO                                                                                                                                                        ; --            ; --          ; --                         ;
; IP_TOOL_NAME                         ; FIFO                                                                                                                                                        ; --            ; --          ; --                         ;
; IP_TOOL_NAME                         ; FIFO                                                                                                                                                        ; --            ; --          ; --                         ;
; IP_TOOL_NAME                         ; ALTGX_RECONFIG                                                                                                                                              ; --            ; --          ; --                         ;
; IP_TOOL_NAME                         ; FIFO                                                                                                                                                        ; --            ; --          ; --                         ;
; IP_TOOL_NAME                         ; RAM: 2-PORT                                                                                                                                                 ; --            ; --          ; --                         ;
; IP_TOOL_NAME                         ; RAM: 1-PORT                                                                                                                                                 ; --            ; --          ; --                         ;
; IP_TOOL_NAME                         ; FIFO                                                                                                                                                        ; --            ; --          ; --                         ;
; IP_TOOL_NAME                         ; RAM: 2-PORT                                                                                                                                                 ; --            ; --          ; --                         ;
; IP_TOOL_NAME                         ; ROM: 2-PORT                                                                                                                                                 ; --            ; --          ; --                         ;
; IP_TOOL_NAME                         ; ROM: 2-PORT                                                                                                                                                 ; --            ; --          ; --                         ;
; IP_TOOL_NAME                         ; ROM: 2-PORT                                                                                                                                                 ; --            ; --          ; --                         ;
; IP_TOOL_NAME                         ; ALTPLL                                                                                                                                                      ; --            ; --          ; --                         ;
; IP_TOOL_NAME                         ; ROM: 2-PORT                                                                                                                                                 ; --            ; --          ; --                         ;
; IP_TOOL_VERSION                      ; 10.1                                                                                                                                                        ; --            ; --          ; --                         ;
; IP_TOOL_VERSION                      ; 11.0                                                                                                                                                        ; --            ; --          ; --                         ;
; IP_TOOL_VERSION                      ; 11.1                                                                                                                                                        ; --            ; --          ; --                         ;
; IP_TOOL_VERSION                      ; 10.1                                                                                                                                                        ; --            ; --          ; --                         ;
; IP_TOOL_VERSION                      ; 10.1                                                                                                                                                        ; --            ; --          ; --                         ;
; IP_TOOL_VERSION                      ; 10.1                                                                                                                                                        ; --            ; --          ; --                         ;
; IP_TOOL_VERSION                      ; 10.1                                                                                                                                                        ; --            ; --          ; --                         ;
; IP_TOOL_VERSION                      ; 10.1                                                                                                                                                        ; --            ; --          ; --                         ;
; IP_TOOL_VERSION                      ; 10.1                                                                                                                                                        ; --            ; --          ; --                         ;
; IP_TOOL_VERSION                      ; 11.0                                                                                                                                                        ; --            ; --          ; --                         ;
; IP_TOOL_VERSION                      ; 9.1                                                                                                                                                         ; --            ; --          ; --                         ;
; IP_TOOL_VERSION                      ; 10.1                                                                                                                                                        ; --            ; --          ; --                         ;
; IP_TOOL_VERSION                      ; 11.0                                                                                                                                                        ; --            ; --          ; --                         ;
; IP_TOOL_VERSION                      ; 10.1                                                                                                                                                        ; --            ; --          ; --                         ;
; IP_TOOL_VERSION                      ; 10.1                                                                                                                                                        ; --            ; --          ; --                         ;
; IP_TOOL_VERSION                      ; 10.1                                                                                                                                                        ; --            ; --          ; --                         ;
; IP_TOOL_VERSION                      ; 11.0                                                                                                                                                        ; --            ; --          ; --                         ;
; IP_TOOL_VERSION                      ; 10.1                                                                                                                                                        ; --            ; --          ; --                         ;
; IP_TOOL_VERSION                      ; 10.1                                                                                                                                                        ; --            ; --          ; --                         ;
; IP_TOOL_VERSION                      ; 11.0                                                                                                                                                        ; --            ; --          ; --                         ;
; IP_TOOL_VERSION                      ; 11.0                                                                                                                                                        ; --            ; --          ; --                         ;
; MAX_CORE_JUNCTION_TEMP               ; 85                                                                                                                                                          ; --            ; --          ; --                         ;
; MIN_CORE_JUNCTION_TEMP               ; 0                                                                                                                                                           ; --            ; --          ; --                         ;
; MISC_FILE                            ; C:/Hari/Study/Masters_thesis/needtosee/altera_netfpga_08_08_11/Danai_proj/simulation_test/danai_singlecore/DE4_Ethernet_2/DE4_Ethernet.dpf                  ; --            ; --          ; --                         ;
; MISC_FILE                            ; NetFPGA_files/rx_tx_queues/megafunctions/rxfifo_8kx9_to_36_inst.v                                                                                           ; --            ; --          ; --                         ;
; MISC_FILE                            ; NetFPGA_files/rx_tx_queues/megafunctions/rxfifo_8kx9_to_36_bb.v                                                                                             ; --            ; --          ; --                         ;
; MISC_FILE                            ; NetFPGA_files/rx_tx_queues/megafunctions/rxfifo_8kx9_to_72_inst.v                                                                                           ; --            ; --          ; --                         ;
; MISC_FILE                            ; NetFPGA_files/rx_tx_queues/megafunctions/rxfifo_8kx9_to_72_bb.v                                                                                             ; --            ; --          ; --                         ;
; MISC_FILE                            ; NetFPGA_files/rx_tx_queues/megafunctions/rxlengthfifo_128x13_inst.v                                                                                         ; --            ; --          ; --                         ;
; MISC_FILE                            ; NetFPGA_files/rx_tx_queues/megafunctions/rxlengthfifo_128x13_bb.v                                                                                           ; --            ; --          ; --                         ;
; MISC_FILE                            ; NetFPGA_files/add_rm_hdr/megafunctions/hdr_fifo_inst.v                                                                                                      ; --            ; --          ; --                         ;
; MISC_FILE                            ; NetFPGA_files/add_rm_hdr/megafunctions/hdr_fifo_bb.v                                                                                                        ; --            ; --          ; --                         ;
; MISC_FILE                            ; NetFPGA_files/rx_tx_queues/megafunctions/txfifo_1024x36_to_9_inst.v                                                                                         ; --            ; --          ; --                         ;
; MISC_FILE                            ; NetFPGA_files/rx_tx_queues/megafunctions/txfifo_1024x36_to_9_bb.v                                                                                           ; --            ; --          ; --                         ;
; MISC_FILE                            ; NetFPGA_files/rx_tx_queues/megafunctions/txfifo_512x72_to_9_inst.v                                                                                          ; --            ; --          ; --                         ;
; MISC_FILE                            ; NetFPGA_files/rx_tx_queues/megafunctions/txfifo_512x72_to_9_bb.v                                                                                            ; --            ; --          ; --                         ;
; MISC_FILE                            ; NetFPGA_files/sram_imp/sram_inst.v                                                                                                                          ; --            ; --          ; --                         ;
; MISC_FILE                            ; NetFPGA_files/sram_imp/sram_bb.v                                                                                                                            ; --            ; --          ; --                         ;
; MISC_FILE                            ; NetFPGA_files/userdatapath/megafunctions/syncfifo_512x36_inst.v                                                                                             ; --            ; --          ; --                         ;
; MISC_FILE                            ; NetFPGA_files/userdatapath/megafunctions/syncfifo_512x36_bb.v                                                                                               ; --            ; --          ; --                         ;
; MISC_FILE                            ; NetFPGA_files/userdatapath/megafunctions/syncfifo_512x72_inst.v                                                                                             ; --            ; --          ; --                         ;
; MISC_FILE                            ; NetFPGA_files/userdatapath/megafunctions/syncfifo_512x72_bb.v                                                                                               ; --            ; --          ; --                         ;
; MISC_FILE                            ; NetFPGA_files/jtag_interface/megafunctions/pci2net_16x60_inst.v                                                                                             ; --            ; --          ; --                         ;
; MISC_FILE                            ; NetFPGA_files/jtag_interface/megafunctions/pci2net_16x60_bb.v                                                                                               ; --            ; --          ; --                         ;
; MISC_FILE                            ; altgx_reconfig_inst.v                                                                                                                                       ; --            ; --          ; --                         ;
; MISC_FILE                            ; altgx_reconfig_bb.v                                                                                                                                         ; --            ; --          ; --                         ;
; MISC_FILE                            ; sources_ngnp_multicore/src/small_fifo_test.bsf                                                                                                              ; --            ; --          ; --                         ;
; MISC_FILE                            ; sources_ngnp_multicore/src/small_fifo_test_inst.v                                                                                                           ; --            ; --          ; --                         ;
; MISC_FILE                            ; sources_ngnp_multicore/src/small_fifo_test_bb.v                                                                                                             ; --            ; --          ; --                         ;
; MISC_FILE                            ; sources_ngnp_multicore/src/small_fifo_test.inc                                                                                                              ; --            ; --          ; --                         ;
; MISC_FILE                            ; sources_ngnp_multicore/src/small_fifo_test.cmp                                                                                                              ; --            ; --          ; --                         ;
; MISC_FILE                            ; sources_ngnp_multicore/src/small_fifo_test_syn.v                                                                                                            ; --            ; --          ; --                         ;
; MISC_FILE                            ; sources_ngnp_multicore/src/RAM16_s36_s36_altera.bsf                                                                                                         ; --            ; --          ; --                         ;
; MISC_FILE                            ; sources_ngnp_multicore/src/RAM16_s36_s36_altera_inst.v                                                                                                      ; --            ; --          ; --                         ;
; MISC_FILE                            ; sources_ngnp_multicore/src/RAM16_s36_s36_altera_bb.v                                                                                                        ; --            ; --          ; --                         ;
; MISC_FILE                            ; sources_ngnp_multicore/src/RAM16_s36_s36_altera.inc                                                                                                         ; --            ; --          ; --                         ;
; MISC_FILE                            ; sources_ngnp_multicore/src/RAM16_s36_s36_altera.cmp                                                                                                         ; --            ; --          ; --                         ;
; MISC_FILE                            ; sources_ngnp_multicore/src/RAM16_s36_s36_altera_syn.v                                                                                                       ; --            ; --          ; --                         ;
; MISC_FILE                            ; sources_ngnp_multicore/src/RAMB16_S9_altera.bsf                                                                                                             ; --            ; --          ; --                         ;
; MISC_FILE                            ; sources_ngnp_multicore/src/RAMB16_S9_altera_inst.v                                                                                                          ; --            ; --          ; --                         ;
; MISC_FILE                            ; sources_ngnp_multicore/src/RAMB16_S9_altera_bb.v                                                                                                            ; --            ; --          ; --                         ;
; MISC_FILE                            ; sources_ngnp_multicore/src/RAMB16_S9_altera.inc                                                                                                             ; --            ; --          ; --                         ;
; MISC_FILE                            ; sources_ngnp_multicore/src/RAMB16_S9_altera.cmp                                                                                                             ; --            ; --          ; --                         ;
; MISC_FILE                            ; small_fifo_test_72_inst.v                                                                                                                                   ; --            ; --          ; --                         ;
; MISC_FILE                            ; small_fifo_test_72_bb.v                                                                                                                                     ; --            ; --          ; --                         ;
; MISC_FILE                            ; sources_ngnp_multicore/src/RAMB16_S4_2_altera_inst.v                                                                                                        ; --            ; --          ; --                         ;
; MISC_FILE                            ; sources_ngnp_multicore/src/RAMB16_S4_2_altera_bb.v                                                                                                          ; --            ; --          ; --                         ;
; MISC_FILE                            ; sources_ngnp_multicore/src/rom_shared_inst.v                                                                                                                ; --            ; --          ; --                         ;
; MISC_FILE                            ; sources_ngnp_multicore/src/rom_shared_bb.v                                                                                                                  ; --            ; --          ; --                         ;
; MISC_FILE                            ; sources_ngnp_multicore/src/cm_rom_shared_inst.v                                                                                                             ; --            ; --          ; --                         ;
; MISC_FILE                            ; sources_ngnp_multicore/src/cm_rom_shared_bb.v                                                                                                               ; --            ; --          ; --                         ;
; MISC_FILE                            ; sources_ngnp_multicore/src/cm_rom_final_inst.v                                                                                                              ; --            ; --          ; --                         ;
; MISC_FILE                            ; sources_ngnp_multicore/src/cm_rom_final_bb.v                                                                                                                ; --            ; --          ; --                         ;
; MISC_FILE                            ; pll_125.bsf                                                                                                                                                 ; --            ; --          ; --                         ;
; MISC_FILE                            ; pll_125_bb.v                                                                                                                                                ; --            ; --          ; --                         ;
; MISC_FILE                            ; pll_125.ppf                                                                                                                                                 ; --            ; --          ; --                         ;
; MISC_FILE                            ; sources_ngnp_multicore/src/jump_ram_inst.v                                                                                                                  ; --            ; --          ; --                         ;
; MISC_FILE                            ; sources_ngnp_multicore/src/jump_ram_bb.v                                                                                                                    ; --            ; --          ; --                         ;
; PARTITION_COLOR                      ; 16764057                                                                                                                                                    ; --            ; --          ; Top                        ;
; PARTITION_FITTER_PRESERVATION_LEVEL  ; PLACEMENT_AND_ROUTING                                                                                                                                       ; --            ; --          ; Top                        ;
; PARTITION_NETLIST_TYPE               ; SOURCE                                                                                                                                                      ; --            ; --          ; Top                        ;
; POWER_BOARD_THERMAL_MODEL            ; None (CONSERVATIVE)                                                                                                                                         ; --            ; --          ; --                         ;
; POWER_PRESET_COOLING_SOLUTION        ; 23 MM HEAT SINK WITH 200 LFPM AIRFLOW                                                                                                                       ; --            ; --          ; --                         ;
; SEARCH_PATH                          ; c:/hari/study/masters_thesis/needtosee/altera_netfpga_08_08_11/danai_proj/simulation_test/danai_singlecore/de4_ethernet_2/sources_ngnp_multicore/src/plasma ; --            ; --          ; --                         ;
; SEARCH_PATH                          ; c:\hari\study\masters_thesis\needtosee\altera_netfpga_08_08_11\danai_proj\simulation_test\de4_ethernet_2                                                    ; --            ; --          ; --                         ;
; SEARCH_PATH                          ; sources_ngnp_multicore/src/yf32                                                                                                                             ; --            ; --          ; --                         ;
; SEARCH_PATH                          ; sources_ngnp_multicore/include                                                                                                                              ; --            ; --          ; --                         ;
; SEARCH_PATH                          ; sources_ngnp_multicore/src                                                                                                                                  ; --            ; --          ; --                         ;
; SEARCH_PATH                          ; sources_ngnp_multicore                                                                                                                                      ; --            ; --          ; --                         ;
; SEARCH_PATH                          ; triple_speed_ethernet-library                                                                                                                               ; --            ; --          ; --                         ;
; SEARCH_PATH                          ; .                                                                                                                                                           ; --            ; --          ; --                         ;
; SEARCH_PATH                          ; ip_compiler_for_pci_express-library                                                                                                                         ; --            ; --          ; --                         ;
; SLD_NODE_CREATOR_ID                  ; 110                                                                                                                                                         ; --            ; --          ; auto_signaltap_0           ;
; SLD_NODE_ENTITY_NAME                 ; sld_signaltap                                                                                                                                               ; --            ; --          ; auto_signaltap_0           ;
; SLD_NODE_PARAMETER_ASSIGNMENT        ; SLD_RAM_BLOCK_TYPE=M9K                                                                                                                                      ; --            ; --          ; auto_signaltap_0           ;
; SLD_NODE_PARAMETER_ASSIGNMENT        ; SLD_TRIGGER_BITS=1                                                                                                                                          ; --            ; --          ; auto_signaltap_0           ;
; SLD_NODE_PARAMETER_ASSIGNMENT        ; SLD_NODE_INFO=805334528                                                                                                                                     ; --            ; --          ; auto_signaltap_0           ;
; SLD_NODE_PARAMETER_ASSIGNMENT        ; SLD_POWER_UP_TRIGGER=0                                                                                                                                      ; --            ; --          ; auto_signaltap_0           ;
; SLD_NODE_PARAMETER_ASSIGNMENT        ; SLD_STORAGE_QUALIFIER_INVERSION_MASK_LENGTH=0                                                                                                               ; --            ; --          ; auto_signaltap_0           ;
; SLD_NODE_PARAMETER_ASSIGNMENT        ; SLD_ATTRIBUTE_MEM_MODE=OFF                                                                                                                                  ; --            ; --          ; auto_signaltap_0           ;
; SLD_NODE_PARAMETER_ASSIGNMENT        ; SLD_STATE_FLOW_USE_GENERATED=0                                                                                                                              ; --            ; --          ; auto_signaltap_0           ;
; SLD_NODE_PARAMETER_ASSIGNMENT        ; SLD_STATE_BITS=11                                                                                                                                           ; --            ; --          ; auto_signaltap_0           ;
; SLD_NODE_PARAMETER_ASSIGNMENT        ; SLD_BUFFER_FULL_STOP=1                                                                                                                                      ; --            ; --          ; auto_signaltap_0           ;
; SLD_NODE_PARAMETER_ASSIGNMENT        ; SLD_CURRENT_RESOURCE_WIDTH=1                                                                                                                                ; --            ; --          ; auto_signaltap_0           ;
; SLD_NODE_PARAMETER_ASSIGNMENT        ; SLD_TRIGGER_LEVEL=1                                                                                                                                         ; --            ; --          ; auto_signaltap_0           ;
; SLD_NODE_PARAMETER_ASSIGNMENT        ; SLD_TRIGGER_IN_ENABLED=0                                                                                                                                    ; --            ; --          ; auto_signaltap_0           ;
; SLD_NODE_PARAMETER_ASSIGNMENT        ; SLD_ADVANCED_TRIGGER_ENTITY=basic,1,                                                                                                                        ; --            ; --          ; auto_signaltap_0           ;
; SLD_NODE_PARAMETER_ASSIGNMENT        ; SLD_TRIGGER_LEVEL_PIPELINE=1                                                                                                                                ; --            ; --          ; auto_signaltap_0           ;
; SLD_NODE_PARAMETER_ASSIGNMENT        ; SLD_ENABLE_ADVANCED_TRIGGER=0                                                                                                                               ; --            ; --          ; auto_signaltap_0           ;
; SLD_NODE_PARAMETER_ASSIGNMENT        ; SLD_DATA_BITS=7                                                                                                                                             ; --            ; --          ; auto_signaltap_0           ;
; SLD_NODE_PARAMETER_ASSIGNMENT        ; SLD_INVERSION_MASK=0000000000000000000000000000000                                                                                                          ; --            ; --          ; auto_signaltap_0           ;
; SLD_NODE_PARAMETER_ASSIGNMENT        ; SLD_INVERSION_MASK_LENGTH=31                                                                                                                                ; --            ; --          ; auto_signaltap_0           ;
; SLD_NODE_PARAMETER_ASSIGNMENT        ; SLD_SEGMENT_SIZE=16384                                                                                                                                      ; --            ; --          ; auto_signaltap_0           ;
; SLD_NODE_PARAMETER_ASSIGNMENT        ; SLD_NODE_CRC_LOWORD=15559                                                                                                                                   ; --            ; --          ; auto_signaltap_0           ;
; SLD_NODE_PARAMETER_ASSIGNMENT        ; SLD_NODE_CRC_HIWORD=65078                                                                                                                                   ; --            ; --          ; auto_signaltap_0           ;
; SLD_NODE_PARAMETER_ASSIGNMENT        ; SLD_SAMPLE_DEPTH=16384                                                                                                                                      ; --            ; --          ; auto_signaltap_0           ;
; USE_SIGNALTAP_FILE                   ; signaltap3.stp                                                                                                                                              ; --            ; --          ; --                         ;
+--------------------------------------+-------------------------------------------------------------------------------------------------------------------------------------------------------------+---------------+-------------+----------------------------+


+--------------------------------------------------------------------------------------------------------------------------+
; Flow Elapsed Time                                                                                                        ;
+----------------------+--------------+-------------------------+---------------------+------------------------------------+
; Module Name          ; Elapsed Time ; Average Processors Used ; Peak Virtual Memory ; Total CPU Time (on all processors) ;
+----------------------+--------------+-------------------------+---------------------+------------------------------------+
; Analysis & Synthesis ; 00:01:48     ; 1.0                     ; 506 MB              ; 00:01:47                           ;
; Total                ; 00:01:48     ; --                      ; --                  ; 00:01:47                           ;
+----------------------+--------------+-------------------------+---------------------+------------------------------------+


+-----------------------------------------------------------------------------------+
; Flow OS Summary                                                                   ;
+----------------------+------------------+-----------+------------+----------------+
; Module Name          ; Machine Hostname ; OS Name   ; OS Version ; Processor type ;
+----------------------+------------------+-----------+------------+----------------+
; Analysis & Synthesis ; rcg-PC           ; Windows 7 ; 6.1        ; x86_64         ;
+----------------------+------------------+-----------+------------+----------------+


------------
; Flow Log ;
------------
quartus_map --read_settings_files=on --write_settings_files=off DE4_Ethernet -c DE4_Ethernet



